#
# There is insufficient memory for the Java Runtime Environment to continue.
# Native memory allocation (malloc) failed to allocate 371216 bytes for Chunk::new
# Possible reasons:
#   The system is out of physical RAM or swap space
#   In 32 bit mode, the process size limit was hit
# Possible solutions:
#   Reduce memory load on the system
#   Increase physical memory or swap space
#   Check if swap backing store is full
#   Use 64 bit Java on a 64 bit OS
#   Decrease Java heap size (-Xmx/-Xms)
#   Decrease number of Java threads
#   Decrease Java thread stack sizes (-Xss)
#   Set larger code cache with -XX:ReservedCodeCacheSize=
# This output file may be truncated or incomplete.
#
#  Out of Memory Error (allocation.cpp:390), pid=7544, tid=13740
#
# JRE version: Java(TM) SE Runtime Environment (8.0_25-b18) (build 1.8.0_25-b18)
# Java VM: Java HotSpot(TM) 64-Bit Server VM (25.25-b02 mixed mode windows-amd64 compressed oops)
# Failed to write core dump. Minidumps are not enabled by default on client versions of Windows
#

---------------  T H R E A D  ---------------

Current thread (0x00000000176d7800):  JavaThread "C2 CompilerThread2" daemon [_thread_in_native, id=13740, stack(0x0000000017e90000,0x0000000017f90000)]

Stack: [0x0000000017e90000,0x0000000017f90000]
Native frames: (J=compiled Java code, j=interpreted, Vv=VM code, C=native code)
V  [jvm.dll+0x31667a]


Current CompileTask:
C2:   2763 1302       4       com.android.dx.ssa.SsaRenamer$BlockRenamer::process (191 bytes)


---------------  P R O C E S S  ---------------

Java Threads: ( => current thread )
  0x000000001773f800 JavaThread "Service Thread" daemon [_thread_blocked, id=14368, stack(0x0000000018090000,0x0000000018190000)]
  0x00000000176f2800 JavaThread "C1 CompilerThread3" daemon [_thread_blocked, id=16212, stack(0x0000000017f90000,0x0000000018090000)]
=>0x00000000176d7800 JavaThread "C2 CompilerThread2" daemon [_thread_in_native, id=13740, stack(0x0000000017e90000,0x0000000017f90000)]
  0x00000000176b9800 JavaThread "C2 CompilerThread1" daemon [_thread_in_native, id=16188, stack(0x0000000017d90000,0x0000000017e90000)]
  0x00000000176b7800 JavaThread "C2 CompilerThread0" daemon [_thread_in_native, id=16336, stack(0x0000000017c90000,0x0000000017d90000)]
  0x00000000176b6000 JavaThread "Attach Listener" daemon [_thread_blocked, id=15820, stack(0x0000000017b90000,0x0000000017c90000)]
  0x00000000176b5000 JavaThread "Signal Dispatcher" daemon [_thread_blocked, id=13788, stack(0x0000000017a90000,0x0000000017b90000)]
  0x00000000156bc000 JavaThread "Finalizer" daemon [_thread_blocked, id=15496, stack(0x0000000017590000,0x0000000017690000)]
  0x0000000002b92800 JavaThread "Reference Handler" daemon [_thread_blocked, id=15664, stack(0x0000000017490000,0x0000000017590000)]
  0x00000000028dd800 JavaThread "main" [_thread_in_Java, id=13820, stack(0x00000000029a0000,0x0000000002aa0000)]

Other Threads:
  0x00000000156b7800 VMThread [stack: 0x0000000017390000,0x0000000017490000] [id=16104]
  0x0000000017742000 WatcherThread [stack: 0x0000000018190000,0x0000000018290000] [id=15672]

VM state:not at safepoint (normal execution)

VM Mutex/Monitor currently owned by a thread: None

Heap:
 PSYoungGen      total 38400K, used 17180K [0x00000000eab00000, 0x00000000ef600000, 0x0000000100000000)
  eden space 33280K, 36% used [0x00000000eab00000,0x00000000eb6cd278,0x00000000ecb80000)
  from space 5120K, 99% used [0x00000000ecb80000,0x00000000ed07a0a8,0x00000000ed080000)
  to   space 5120K, 0% used [0x00000000ef100000,0x00000000ef100000,0x00000000ef600000)
 ParOldGen       total 87552K, used 995K [0x00000000c0000000, 0x00000000c5580000, 0x00000000eab00000)
  object space 87552K, 1% used [0x00000000c0000000,0x00000000c00f8e48,0x00000000c5580000)
 Metaspace       used 5558K, capacity 6832K, committed 7040K, reserved 1056768K
  class space    used 549K, capacity 616K, committed 640K, reserved 1048576K

Card table byte_map: [0x0000000011f60000,0x0000000012170000] byte_map_base: 0x0000000011960000

Marking Bits: (ParMarkBitMap*) 0x000000005da7d490
 Begin Bits: [0x0000000012ad0000, 0x0000000013ad0000)
 End Bits:   [0x0000000013ad0000, 0x0000000014ad0000)

Polling page: 0x0000000001030000

CodeCache: size=245760Kb used=5135Kb max_used=5135Kb free=240624Kb
 bounds [0x0000000002ba0000, 0x00000000030b0000, 0x0000000011ba0000]
 total_blobs=1571 nmethods=1309 adapters=174
 compilation: enabled

Compilation events (10 events):
Event: 2.712 Thread 0x00000000176d7800 nmethod 1294 0x00000000030a0150 code [0x00000000030a0380, 0x00000000030a1a48]
Event: 2.712 Thread 0x00000000176d7800 1302       4       com.android.dx.ssa.SsaRenamer$BlockRenamer::process (191 bytes)
Event: 2.713 Thread 0x00000000176f2800 1306       3       java.lang.Integer::valueOf (32 bytes)
Event: 2.713 Thread 0x00000000176f2800 nmethod 1306 0x000000000308b010 code [0x000000000308b180, 0x000000000308b4d0]
Event: 2.713 Thread 0x00000000176f2800 1307       1       java.util.HashMap$Node::getValue (5 bytes)
Event: 2.713 Thread 0x00000000176f2800 nmethod 1307 0x000000000308c7d0 code [0x000000000308c920, 0x000000000308ca30]
Event: 2.722 Thread 0x00000000176f2800 1309       3       com.android.dx.ssa.PhiInsn::mapSourceRegisters (78 bytes)
Event: 2.723 Thread 0x00000000176f2800 nmethod 1309 0x0000000003094050 code [0x0000000003094240, 0x0000000003094be8]
Event: 2.736 Thread 0x00000000176f2800 1310       3       com.android.dx.rop.cst.CstType::<init> (46 bytes)
Event: 2.736 Thread 0x00000000176f2800 nmethod 1310 0x0000000003093890 code [0x0000000003093a20, 0x0000000003093e98]

GC Heap History (2 events):
Event: 2.489 GC heap before
{Heap before GC invocations=1 (full 0):
 PSYoungGen      total 38400K, used 33280K [0x00000000eab00000, 0x00000000ed580000, 0x0000000100000000)
  eden space 33280K, 100% used [0x00000000eab00000,0x00000000ecb80000,0x00000000ecb80000)
  from space 5120K, 0% used [0x00000000ed080000,0x00000000ed080000,0x00000000ed580000)
  to   space 5120K, 0% used [0x00000000ecb80000,0x00000000ecb80000,0x00000000ed080000)
 ParOldGen       total 87552K, used 0K [0x00000000c0000000, 0x00000000c5580000, 0x00000000eab00000)
  object space 87552K, 0% used [0x00000000c0000000,0x00000000c0000000,0x00000000c5580000)
 Metaspace       used 5536K, capacity 6832K, committed 7040K, reserved 1056768K
  class space    used 549K, capacity 616K, committed 640K, reserved 1048576K
Event: 2.561 GC heap after
Heap after GC invocations=1 (full 0):
 PSYoungGen      total 38400K, used 5096K [0x00000000eab00000, 0x00000000ef600000, 0x0000000100000000)
  eden space 33280K, 0% used [0x00000000eab00000,0x00000000eab00000,0x00000000ecb80000)
  from space 5120K, 99% used [0x00000000ecb80000,0x00000000ed07a0a8,0x00000000ed080000)
  to   space 5120K, 0% used [0x00000000ef100000,0x00000000ef100000,0x00000000ef600000)
 ParOldGen       total 87552K, used 995K [0x00000000c0000000, 0x00000000c5580000, 0x00000000eab00000)
  object space 87552K, 1% used [0x00000000c0000000,0x00000000c00f8e48,0x00000000c5580000)
 Metaspace       used 5536K, capacity 6832K, committed 7040K, reserved 1056768K
  class space    used 549K, capacity 616K, committed 640K, reserved 1048576K
}

Deoptimization events (10 events):
Event: 1.987 Thread 0x00000000028dd800 Uncommon trap: reason=null_check action=make_not_entrant pc=0x0000000002edc9e0 method=com.android.dx.ssa.SsaRenamer.getLocalForNewReg(I)Lcom/android/dx/rop/code/LocalItem; @ 19
Event: 2.005 Thread 0x00000000028dd800 Uncommon trap: reason=bimorphic action=maybe_recompile pc=0x0000000002eff940 method=com.android.dx.cf.code.Merger.mergeType(Lcom/android/dx/rop/type/TypeBearer;Lcom/android/dx/rop/type/TypeBearer;)Lcom/android/dx/rop/type/TypeBearer; @ 28
Event: 2.008 Thread 0x00000000028dd800 Uncommon trap: reason=bimorphic action=maybe_recompile pc=0x0000000002eff930 method=com.android.dx.cf.code.Merger.mergeType(Lcom/android/dx/rop/type/TypeBearer;Lcom/android/dx/rop/type/TypeBearer;)Lcom/android/dx/rop/type/TypeBearer; @ 21
Event: 2.067 Thread 0x00000000028dd800 Uncommon trap: reason=bimorphic action=maybe_recompile pc=0x0000000002eff940 method=com.android.dx.cf.code.Merger.mergeType(Lcom/android/dx/rop/type/TypeBearer;Lcom/android/dx/rop/type/TypeBearer;)Lcom/android/dx/rop/type/TypeBearer; @ 28
Event: 2.081 Thread 0x00000000028dd800 Uncommon trap: reason=unreached action=reinterpret pc=0x0000000002fa3c9c method=com.android.dx.rop.cst.Constant.compareTo(Lcom/android/dx/rop/cst/Constant;)I @ 12
Event: 2.583 Thread 0x00000000028dd800 Uncommon trap: reason=bimorphic action=maybe_recompile pc=0x0000000002eff940 method=com.android.dx.cf.code.Merger.mergeType(Lcom/android/dx/rop/type/TypeBearer;Lcom/android/dx/rop/type/TypeBearer;)Lcom/android/dx/rop/type/TypeBearer; @ 28
Event: 2.642 Thread 0x00000000028dd800 Uncommon trap: reason=bimorphic action=maybe_recompile pc=0x0000000003049b24 method=com.android.dx.ssa.SCCP.setLatticeValueTo(IILcom/android/dx/rop/cst/Constant;)Z @ 43
Event: 2.642 Thread 0x00000000028dd800 Uncommon trap: reason=bimorphic action=maybe_recompile pc=0x0000000003049b24 method=com.android.dx.ssa.SCCP.setLatticeValueTo(IILcom/android/dx/rop/cst/Constant;)Z @ 43
Event: 2.642 Thread 0x00000000028dd800 Uncommon trap: reason=bimorphic action=maybe_recompile pc=0x0000000003049b24 method=com.android.dx.ssa.SCCP.setLatticeValueTo(IILcom/android/dx/rop/cst/Constant;)Z @ 43
Event: 2.642 Thread 0x00000000028dd800 Uncommon trap: reason=bimorphic action=maybe_recompile pc=0x0000000003049b24 method=com.android.dx.ssa.SCCP.setLatticeValueTo(IILcom/android/dx/rop/cst/Constant;)Z @ 43

Internal exceptions (10 events):
Event: 1.543 Thread 0x00000000028dd800 Exception <a 'java/security/PrivilegedActionException'> (0x00000000eb6b9fa8) thrown at [D:\re\workspace\8-2-build-windows-amd64-cygwin\jdk8u25\1677\hotspot\src\share\vm\prims\jvm.cpp, line 1312]
Event: 1.545 Thread 0x00000000028dd800 Exception <a 'java/security/PrivilegedActionException'> (0x00000000eb6c0590) thrown at [D:\re\workspace\8-2-build-windows-amd64-cygwin\jdk8u25\1677\hotspot\src\share\vm\prims\jvm.cpp, line 1312]
Event: 1.987 Thread 0x00000000028dd800 Implicit null exception at 0x0000000002eda5ce to 0x0000000002edc9b9
Event: 1.994 Thread 0x00000000028dd800 Exception <a 'java/security/PrivilegedActionException'> (0x00000000ec1676f8) thrown at [D:\re\workspace\8-2-build-windows-amd64-cygwin\jdk8u25\1677\hotspot\src\share\vm\prims\jvm.cpp, line 1312]
Event: 2.000 Thread 0x00000000028dd800 Exception <a 'java/security/PrivilegedActionException'> (0x00000000ec186c08) thrown at [D:\re\workspace\8-2-build-windows-amd64-cygwin\jdk8u25\1677\hotspot\src\share\vm\prims\jvm.cpp, line 1312]
Event: 2.000 Thread 0x00000000028dd800 Exception <a 'java/security/PrivilegedActionException'> (0x00000000ec1898c0) thrown at [D:\re\workspace\8-2-build-windows-amd64-cygwin\jdk8u25\1677\hotspot\src\share\vm\prims\jvm.cpp, line 1312]
Event: 2.001 Thread 0x00000000028dd800 Exception <a 'java/security/PrivilegedActionException'> (0x00000000ec18c848) thrown at [D:\re\workspace\8-2-build-windows-amd64-cygwin\jdk8u25\1677\hotspot\src\share\vm\prims\jvm.cpp, line 1312]
Event: 2.090 Thread 0x00000000028dd800 Exception <a 'java/security/PrivilegedActionException'> (0x00000000ec484d98) thrown at [D:\re\workspace\8-2-build-windows-amd64-cygwin\jdk8u25\1677\hotspot\src\share\vm\prims\jvm.cpp, line 1312]
Event: 2.092 Thread 0x00000000028dd800 Exception <a 'java/security/PrivilegedActionException'> (0x00000000ec48af08) thrown at [D:\re\workspace\8-2-build-windows-amd64-cygwin\jdk8u25\1677\hotspot\src\share\vm\prims\jvm.cpp, line 1312]
Event: 2.132 Thread 0x00000000028dd800 Exception <a 'java/security/PrivilegedActionException'> (0x00000000ec4f4ba8) thrown at [D:\re\workspace\8-2-build-windows-amd64-cygwin\jdk8u25\1677\hotspot\src\share\vm\prims\jvm.cpp, line 1312]

Events (10 events):
Event: 2.642 Thread 0x00000000028dd800 Uncommon trap: trap_request=0xffffffc6 fr.pc=0x0000000003049b24
Event: 2.642 Thread 0x00000000028dd800 DEOPT PACKING pc=0x0000000003049b24 sp=0x0000000002a9ec10
Event: 2.642 Thread 0x00000000028dd800 DEOPT UNPACKING pc=0x0000000002be556a sp=0x0000000002a9eb58 mode 2
Event: 2.642 Thread 0x00000000028dd800 Uncommon trap: trap_request=0xffffffc6 fr.pc=0x0000000003049b24
Event: 2.642 Thread 0x00000000028dd800 DEOPT PACKING pc=0x0000000003049b24 sp=0x0000000002a9ec10
Event: 2.642 Thread 0x00000000028dd800 DEOPT UNPACKING pc=0x0000000002be556a sp=0x0000000002a9eb58 mode 2
Event: 2.684 Thread 0x00000000028dd800 DEOPT PACKING pc=0x0000000002e28d61 sp=0x0000000002a9ec50
Event: 2.684 Thread 0x00000000028dd800 DEOPT UNPACKING pc=0x0000000002be75bf sp=0x0000000002a9e9d0 mode 0
Event: 2.713 Thread 0x00000000028dd800 DEOPT PACKING pc=0x0000000002e28d61 sp=0x0000000002a9ebc0
Event: 2.713 Thread 0x00000000028dd800 DEOPT UNPACKING pc=0x0000000002be75bf sp=0x0000000002a9e930 mode 0


Dynamic libraries:
0x00007ff635e30000 - 0x00007ff635e64000 	C:\Program Files\Java\jdk1.8.0_25\bin\java.exe
0x00007ffe50f20000 - 0x00007ffe510cd000 	C:\WINDOWS\SYSTEM32\ntdll.dll
0x00007ffe4fcc0000 - 0x00007ffe4fdfe000 	C:\WINDOWS\system32\KERNEL32.DLL
0x00007ffe4e140000 - 0x00007ffe4e255000 	C:\WINDOWS\system32\KERNELBASE.dll
0x00007ffe4cb30000 - 0x00007ffe4cbbe000 	C:\WINDOWS\system32\apphelp.dll
0x00007ffe28ce0000 - 0x00007ffe28d33000 	C:\WINDOWS\AppPatch\AppPatch64\AcGenral.DLL
0x00007ffe50830000 - 0x00007ffe508da000 	C:\WINDOWS\system32\msvcrt.dll
0x00007ffe4dea0000 - 0x00007ffe4dece000 	C:\WINDOWS\SYSTEM32\SspiCli.dll
0x00007ffe50e50000 - 0x00007ffe50ea4000 	C:\WINDOWS\system32\SHLWAPI.dll
0x00007ffe4fea0000 - 0x00007ffe50017000 	C:\WINDOWS\system32\USER32.dll
0x00007ffe50b30000 - 0x00007ffe50cc4000 	C:\WINDOWS\system32\ole32.dll
0x00007ffe4e660000 - 0x00007ffe4fb8a000 	C:\WINDOWS\system32\SHELL32.dll
0x00007ffe4d670000 - 0x00007ffe4d691000 	C:\WINDOWS\SYSTEM32\USERENV.dll
0x00007ffe4fba0000 - 0x00007ffe4fc4a000 	C:\WINDOWS\system32\ADVAPI32.dll
0x00007ffe3ce20000 - 0x00007ffe3ce3e000 	C:\WINDOWS\SYSTEM32\MPR.dll
0x00007ffe50470000 - 0x00007ffe505b1000 	C:\WINDOWS\system32\RPCRT4.dll
0x00007ffe508e0000 - 0x00007ffe50939000 	C:\WINDOWS\SYSTEM32\sechost.dll
0x00007ffe50020000 - 0x00007ffe50231000 	C:\WINDOWS\SYSTEM32\combase.dll
0x00007ffe50320000 - 0x00007ffe50470000 	C:\WINDOWS\system32\GDI32.dll
0x00007ffe4e070000 - 0x00007ffe4e085000 	C:\WINDOWS\SYSTEM32\profapi.dll
0x00007ffe4cbc0000 - 0x00007ffe4cc72000 	C:\WINDOWS\SYSTEM32\SHCORE.dll
0x00007ffe4fe00000 - 0x00007ffe4fe36000 	C:\WINDOWS\system32\IMM32.DLL
0x00007ffe50cd0000 - 0x00007ffe50e22000 	C:\WINDOWS\system32\MSCTF.dll
0x00007ffe4bfc0000 - 0x00007ffe4c23b000 	C:\WINDOWS\WinSxS\amd64_microsoft.windows.common-controls_6595b64144ccf1df_6.0.9600.18006_none_623f33d3ecbe86e8\COMCTL32.dll
0x000000005cd10000 - 0x000000005cde2000 	C:\Program Files\Java\jdk1.8.0_25\jre\bin\msvcr100.dll
0x000000005d2a0000 - 0x000000005dafa000 	C:\Program Files\Java\jdk1.8.0_25\jre\bin\server\jvm.dll
0x00007ffe467a0000 - 0x00007ffe467a9000 	C:\WINDOWS\SYSTEM32\WSOCK32.dll
0x00007ffe4c240000 - 0x00007ffe4c262000 	C:\WINDOWS\SYSTEM32\WINMM.dll
0x00007ffe50940000 - 0x00007ffe50947000 	C:\WINDOWS\system32\PSAPI.DLL
0x00007ffe50ec0000 - 0x00007ffe50f1a000 	C:\WINDOWS\system32\WS2_32.dll
0x00007ffe4bf80000 - 0x00007ffe4bfaa000 	C:\WINDOWS\SYSTEM32\WINMMBASE.dll
0x00007ffe50310000 - 0x00007ffe50319000 	C:\WINDOWS\system32\NSI.dll
0x00007ffe4e4f0000 - 0x00007ffe4e53f000 	C:\WINDOWS\SYSTEM32\cfgmgr32.dll
0x00007ffe4ce70000 - 0x00007ffe4ce98000 	C:\WINDOWS\SYSTEM32\DEVOBJ.dll
0x000000005ee00000 - 0x000000005ee0f000 	C:\Program Files\Java\jdk1.8.0_25\jre\bin\verify.dll
0x000000005e810000 - 0x000000005e838000 	C:\Program Files\Java\jdk1.8.0_25\jre\bin\java.dll
0x000000005e7f0000 - 0x000000005e806000 	C:\Program Files\Java\jdk1.8.0_25\jre\bin\zip.dll
0x00007ffe28a30000 - 0x00007ffe28bb9000 	C:\WINDOWS\SYSTEM32\dbghelp.dll

VM Arguments:
jvm_args: -Djava.awt.headless=true -Xmx1024M -Dfile.encoding=windows-1252 -Duser.country=US -Duser.language=en -Duser.variant 
java_command: com.android.dx.command.Main --dex --force-jumbo --output C:\Users\Andrew\AndroidStudioProjects\Lab2\app\build\intermediates\pre-dexed\debug\instant-run_1f74040caf388671186b2b8434d08cff1f0658ac.jar C:\Users\Andrew\AndroidStudioProjects\Lab2\app\build\intermediates\incremental-runtime-classes\debug\instant-run.jar
java_class_path (initial): D:\Development\adt-bundle-windows-x86_64-20140702\sdk\build-tools\build-tools-21.1.2\lib\dx.jar
Launcher Type: SUN_STANDARD

Environment Variables:
JAVA_HOME=C:\Program Files\Java\jdk1.8.0_25\
PATH=C:\ProgramData\Oracle\Java\javapath;C:\Program Files (x86)\Intel\iCLS Client\;C:\Program Files\Intel\iCLS Client\;C:\WINDOWS\system32;C:\WINDOWS;C:\WINDOWS\System32\Wbem;C:\WINDOWS\System32\WindowsPowerShell\v1.0\;C:\Program Files (x86)\Intel\OpenCL SDK\3.0\bin\x86;C:\Program Files (x86)\Intel\OpenCL SDK\3.0\bin\x64;C:\Program Files\Intel\Intel(R) Management Engine Components\DAL;C:\Program Files\Intel\Intel(R) Management Engine Components\IPT;C:\Program Files (x86)\Intel\Intel(R) Management Engine Components\DAL;C:\Program Files (x86)\Intel\Intel(R) Management Engine Components\IPT;C:\Program Files (x86)\nodejs\;C:\Program Files (x86)\Windows Live\Shared;C:\Program Files\Microsoft\Web Platform Installer\;C:\Program Files (x86)\Tesseract-OCR;C:\Program Files (x86)\Vim\vim74;C:\Program Files (x86)\NVIDIA Corporation\PhysX\Common;C:\Program Files (x86)\Skype\Phone\;D:\Program Files\Git\cmd;C:\Program Files\Java\jdk1.8.0_25\bin;C:\Users\Andrew\AppData\Roaming\npm;C:\Program Files (x86)\SSH Communications Security\SSH Secure Shell;C:\Program Files (x86)\Vim\vim74
USERNAME=Andrew
OS=Windows_NT
PROCESSOR_IDENTIFIER=Intel64 Family 6 Model 60 Stepping 3, GenuineIntel



---------------  S Y S T E M  ---------------

OS: Windows 8.1 , 64 bit Build 9600 

CPU:total 8 (4 cores per cpu, 2 threads per core) family 6 model 60 stepping 3, cmov, cx8, fxsr, mmx, sse, sse2, sse3, ssse3, sse4.1, sse4.2, popcnt, avx, avx2, aes, clmul, erms, lzcnt, ht, tsc, tscinvbit, bmi1, bmi2

Memory: 4k page, physical 8266008k(583624k free), swap 11411736k(8232k free)

vm_info: Java HotSpot(TM) 64-Bit Server VM (25.25-b02) for windows-amd64 JRE (1.8.0_25-b18), built on Oct  7 2014 14:25:37 by "java_re" with MS VC++ 10.0 (VS2010)

time: Sun Apr 10 23:08:26 2016
elapsed time: 2 seconds (0d 0h 0m 2s)

