#
# There is insufficient memory for the Java Runtime Environment to continue.
# Native memory allocation (malloc) failed to allocate 106256 bytes for Chunk::new
# Possible reasons:
#   The system is out of physical RAM or swap space
#   In 32 bit mode, the process size limit was hit
# Possible solutions:
#   Reduce memory load on the system
#   Increase physical memory or swap space
#   Check if swap backing store is full
#   Use 64 bit Java on a 64 bit OS
#   Decrease Java heap size (-Xmx/-Xms)
#   Decrease number of Java threads
#   Decrease Java thread stack sizes (-Xss)
#   Set larger code cache with -XX:ReservedCodeCacheSize=
# This output file may be truncated or incomplete.
#
#  Out of Memory Error (allocation.cpp:390), pid=16476, tid=13576
#
# JRE version: Java(TM) SE Runtime Environment (8.0_25-b18) (build 1.8.0_25-b18)
# Java VM: Java HotSpot(TM) 64-Bit Server VM (25.25-b02 mixed mode windows-amd64 compressed oops)
# Failed to write core dump. Minidumps are not enabled by default on client versions of Windows
#

---------------  T H R E A D  ---------------

Current thread (0x0000000017317000):  JavaThread "C2 CompilerThread0" daemon [_thread_in_native, id=13576, stack(0x00000000178f0000,0x00000000179f0000)]

Stack: [0x00000000178f0000,0x00000000179f0000]
Native frames: (J=compiled Java code, j=interpreted, Vv=VM code, C=native code)
V  [jvm.dll+0x31667a]


Current CompileTask:
C2:   6700 1971       4       com.android.dx.ssa.back.FirstFitLocalCombiningAllocator::tryMapRegs (110 bytes)


---------------  P R O C E S S  ---------------

Java Threads: ( => current thread )
  0x000000001737c000 JavaThread "Service Thread" daemon [_thread_blocked, id=14188, stack(0x0000000017cf0000,0x0000000017df0000)]
  0x0000000017370800 JavaThread "C1 CompilerThread3" daemon [_thread_blocked, id=12252, stack(0x0000000017bf0000,0x0000000017cf0000)]
  0x000000001736d800 JavaThread "C2 CompilerThread2" daemon [_thread_in_native, id=11712, stack(0x0000000017af0000,0x0000000017bf0000)]
  0x0000000017366800 JavaThread "C2 CompilerThread1" daemon [_thread_in_native, id=13896, stack(0x00000000179f0000,0x0000000017af0000)]
=>0x0000000017317000 JavaThread "C2 CompilerThread0" daemon [_thread_in_native, id=13576, stack(0x00000000178f0000,0x00000000179f0000)]
  0x0000000017316000 JavaThread "Attach Listener" daemon [_thread_blocked, id=14936, stack(0x00000000177f0000,0x00000000178f0000)]
  0x0000000017315000 JavaThread "Signal Dispatcher" daemon [_thread_blocked, id=16112, stack(0x00000000176f0000,0x00000000177f0000)]
  0x00000000027d7800 JavaThread "Finalizer" daemon [_thread_blocked, id=8476, stack(0x00000000171f0000,0x00000000172f0000)]
  0x00000000027d1000 JavaThread "Reference Handler" daemon [_thread_blocked, id=16044, stack(0x00000000170f0000,0x00000000171f0000)]
  0x00000000026dd800 JavaThread "main" [_thread_in_Java, id=16724, stack(0x00000000024f0000,0x00000000025f0000)]

Other Threads:
  0x00000000152f8800 VMThread [stack: 0x0000000016ff0000,0x00000000170f0000] [id=16180]
  0x000000001737d000 WatcherThread [stack: 0x0000000017df0000,0x0000000017ef0000] [id=15656]

VM state:not at safepoint (normal execution)

VM Mutex/Monitor currently owned by a thread: None

Heap:
 PSYoungGen      total 138240K, used 50188K [0x00000000eab00000, 0x00000000f3700000, 0x0000000100000000)
  eden space 133120K, 33% used [0x00000000eab00000,0x00000000ed708d40,0x00000000f2d00000)
  from space 5120K, 99% used [0x00000000f3200000,0x00000000f36fa598,0x00000000f3700000)
  to   space 5120K, 0% used [0x00000000f2d00000,0x00000000f2d00000,0x00000000f3200000)
 ParOldGen       total 87552K, used 25932K [0x00000000c0000000, 0x00000000c5580000, 0x00000000eab00000)
  object space 87552K, 29% used [0x00000000c0000000,0x00000000c1953250,0x00000000c5580000)
 Metaspace       used 6029K, capacity 7152K, committed 7296K, reserved 1056768K
  class space    used 577K, capacity 616K, committed 640K, reserved 1048576K

Card table byte_map: [0x0000000011ba0000,0x0000000011db0000] byte_map_base: 0x00000000115a0000

Marking Bits: (ParMarkBitMap*) 0x000000005da7d490
 Begin Bits: [0x0000000012710000, 0x0000000013710000)
 End Bits:   [0x0000000013710000, 0x0000000014710000)

Polling page: 0x00000000025f0000

CodeCache: size=245760Kb used=9664Kb max_used=9681Kb free=236095Kb
 bounds [0x00000000027e0000, 0x0000000003160000, 0x00000000117e0000]
 total_blobs=2176 nmethods=1916 adapters=174
 compilation: enabled

Compilation events (10 events):
Event: 6.669 Thread 0x0000000017370800 1966   !   3       com.android.dx.cf.direct.DirectClassFile::parse (75 bytes)
Event: 6.670 Thread 0x000000001736d800 nmethod 1957% 0x0000000003152ad0 code [0x0000000003152d40, 0x00000000031538f0]
Event: 6.670 Thread 0x000000001736d800 1961       4       com.android.dx.ssa.back.FirstFitLocalCombiningAllocator::handleNormalUnassociated (99 bytes)
Event: 6.670 Thread 0x0000000017370800 nmethod 1966 0x000000000311a390 code [0x000000000311a600, 0x000000000311b598]
Event: 6.671 Thread 0x0000000017370800 1972       3       com.android.dx.cf.code.ByteCatchList::set (21 bytes)
Event: 6.671 Thread 0x0000000017370800 nmethod 1972 0x000000000314eb10 code [0x000000000314ece0, 0x000000000314f538]
Event: 6.673 Thread 0x0000000017317000 nmethod 1959 0x000000000314d8d0 code [0x000000000314da80, 0x000000000314e1f8]
Event: 6.673 Thread 0x0000000017317000 1971       4       com.android.dx.ssa.back.FirstFitLocalCombiningAllocator::tryMapRegs (110 bytes)
Event: 6.682 Thread 0x0000000017370800 1977       3       com.android.dx.cf.code.LocalVariableList::<init> (6 bytes)
Event: 6.682 Thread 0x0000000017370800 nmethod 1977 0x0000000003157c10 code [0x0000000003157d80, 0x0000000003157f08]

GC Heap History (8 events):
Event: 2.110 GC heap before
{Heap before GC invocations=1 (full 0):
 PSYoungGen      total 38400K, used 33280K [0x00000000eab00000, 0x00000000ed580000, 0x0000000100000000)
  eden space 33280K, 100% used [0x00000000eab00000,0x00000000ecb80000,0x00000000ecb80000)
  from space 5120K, 0% used [0x00000000ed080000,0x00000000ed080000,0x00000000ed580000)
  to   space 5120K, 0% used [0x00000000ecb80000,0x00000000ecb80000,0x00000000ed080000)
 ParOldGen       total 87552K, used 0K [0x00000000c0000000, 0x00000000c5580000, 0x00000000eab00000)
  object space 87552K, 0% used [0x00000000c0000000,0x00000000c0000000,0x00000000c5580000)
 Metaspace       used 5711K, capacity 6960K, committed 7040K, reserved 1056768K
  class space    used 554K, capacity 616K, committed 640K, reserved 1048576K
Event: 2.263 GC heap after
Heap after GC invocations=1 (full 0):
 PSYoungGen      total 38400K, used 5098K [0x00000000eab00000, 0x00000000ef600000, 0x0000000100000000)
  eden space 33280K, 0% used [0x00000000eab00000,0x00000000eab00000,0x00000000ecb80000)
  from space 5120K, 99% used [0x00000000ecb80000,0x00000000ed07aab8,0x00000000ed080000)
  to   space 5120K, 0% used [0x00000000ef100000,0x00000000ef100000,0x00000000ef600000)
 ParOldGen       total 87552K, used 1634K [0x00000000c0000000, 0x00000000c5580000, 0x00000000eab00000)
  object space 87552K, 1% used [0x00000000c0000000,0x00000000c0198978,0x00000000c5580000)
 Metaspace       used 5711K, capacity 6960K, committed 7040K, reserved 1056768K
  class space    used 554K, capacity 616K, committed 640K, reserved 1048576K
}
Event: 3.526 GC heap before
{Heap before GC invocations=2 (full 0):
 PSYoungGen      total 38400K, used 38378K [0x00000000eab00000, 0x00000000ef600000, 0x0000000100000000)
  eden space 33280K, 100% used [0x00000000eab00000,0x00000000ecb80000,0x00000000ecb80000)
  from space 5120K, 99% used [0x00000000ecb80000,0x00000000ed07aab8,0x00000000ed080000)
  to   space 5120K, 0% used [0x00000000ef100000,0x00000000ef100000,0x00000000ef600000)
 ParOldGen       total 87552K, used 1634K [0x00000000c0000000, 0x00000000c5580000, 0x00000000eab00000)
  object space 87552K, 1% used [0x00000000c0000000,0x00000000c0198978,0x00000000c5580000)
 Metaspace       used 5833K, capacity 7088K, committed 7296K, reserved 1056768K
  class space    used 557K, capacity 616K, committed 640K, reserved 1048576K
Event: 3.592 GC heap after
Heap after GC invocations=2 (full 0):
 PSYoungGen      total 71680K, used 5109K [0x00000000eab00000, 0x00000000ef600000, 0x0000000100000000)
  eden space 66560K, 0% used [0x00000000eab00000,0x00000000eab00000,0x00000000eec00000)
  from space 5120K, 99% used [0x00000000ef100000,0x00000000ef5fd478,0x00000000ef600000)
  to   space 5120K, 0% used [0x00000000eec00000,0x00000000eec00000,0x00000000ef100000)
 ParOldGen       total 87552K, used 6496K [0x00000000c0000000, 0x00000000c5580000, 0x00000000eab00000)
  object space 87552K, 7% used [0x00000000c0000000,0x00000000c06582b8,0x00000000c5580000)
 Metaspace       used 5833K, capacity 7088K, committed 7296K, reserved 1056768K
  class space    used 557K, capacity 616K, committed 640K, reserved 1048576K
}
Event: 4.796 GC heap before
{Heap before GC invocations=3 (full 0):
 PSYoungGen      total 71680K, used 71669K [0x00000000eab00000, 0x00000000ef600000, 0x0000000100000000)
  eden space 66560K, 100% used [0x00000000eab00000,0x00000000eec00000,0x00000000eec00000)
  from space 5120K, 99% used [0x00000000ef100000,0x00000000ef5fd478,0x00000000ef600000)
  to   space 5120K, 0% used [0x00000000eec00000,0x00000000eec00000,0x00000000ef100000)
 ParOldGen       total 87552K, used 6496K [0x00000000c0000000, 0x00000000c5580000, 0x00000000eab00000)
  object space 87552K, 7% used [0x00000000c0000000,0x00000000c06582b8,0x00000000c5580000)
 Metaspace       used 5884K, capacity 7088K, committed 7296K, reserved 1056768K
  class space    used 558K, capacity 616K, committed 640K, reserved 1048576K
Event: 4.823 GC heap after
Heap after GC invocations=3 (full 0):
 PSYoungGen      total 71680K, used 5094K [0x00000000eab00000, 0x00000000f3700000, 0x0000000100000000)
  eden space 66560K, 0% used [0x00000000eab00000,0x00000000eab00000,0x00000000eec00000)
  from space 5120K, 99% used [0x00000000eec00000,0x00000000ef0f9ab0,0x00000000ef100000)
  to   space 5120K, 0% used [0x00000000f3200000,0x00000000f3200000,0x00000000f3700000)
 ParOldGen       total 87552K, used 16911K [0x00000000c0000000, 0x00000000c5580000, 0x00000000eab00000)
  object space 87552K, 19% used [0x00000000c0000000,0x00000000c1083cf0,0x00000000c5580000)
 Metaspace       used 5884K, capacity 7088K, committed 7296K, reserved 1056768K
  class space    used 558K, capacity 616K, committed 640K, reserved 1048576K
}
Event: 5.835 GC heap before
{Heap before GC invocations=4 (full 0):
 PSYoungGen      total 71680K, used 71654K [0x00000000eab00000, 0x00000000f3700000, 0x0000000100000000)
  eden space 66560K, 100% used [0x00000000eab00000,0x00000000eec00000,0x00000000eec00000)
  from space 5120K, 99% used [0x00000000eec00000,0x00000000ef0f9ab0,0x00000000ef100000)
  to   space 5120K, 0% used [0x00000000f3200000,0x00000000f3200000,0x00000000f3700000)
 ParOldGen       total 87552K, used 16911K [0x00000000c0000000, 0x00000000c5580000, 0x00000000eab00000)
  object space 87552K, 19% used [0x00000000c0000000,0x00000000c1083cf0,0x00000000c5580000)
 Metaspace       used 5983K, capacity 7088K, committed 7296K, reserved 1056768K
  class space    used 577K, capacity 616K, committed 640K, reserved 1048576K
Event: 5.884 GC heap after
Heap after GC invocations=4 (full 0):
 PSYoungGen      total 138240K, used 5097K [0x00000000eab00000, 0x00000000f3700000, 0x0000000100000000)
  eden space 133120K, 0% used [0x00000000eab00000,0x00000000eab00000,0x00000000f2d00000)
  from space 5120K, 99% used [0x00000000f3200000,0x00000000f36fa598,0x00000000f3700000)
  to   space 5120K, 0% used [0x00000000f2d00000,0x00000000f2d00000,0x00000000f3200000)
 ParOldGen       total 87552K, used 25932K [0x00000000c0000000, 0x00000000c5580000, 0x00000000eab00000)
  object space 87552K, 29% used [0x00000000c0000000,0x00000000c1953250,0x00000000c5580000)
 Metaspace       used 5983K, capacity 7088K, committed 7296K, reserved 1056768K
  class space    used 577K, capacity 616K, committed 640K, reserved 1048576K
}

Deoptimization events (10 events):
Event: 5.318 Thread 0x00000000026dd800 Uncommon trap: reason=class_check action=maybe_recompile pc=0x0000000002f5ffb4 method=com.android.dx.cf.code.RopperMachine.run(Lcom/android/dx/cf/code/Frame;II)V @ 310
Event: 5.436 Thread 0x00000000026dd800 Uncommon trap: reason=unreached action=reinterpret pc=0x0000000002b53e24 method=java.util.HashMap.getNode(ILjava/lang/Object;)Ljava/util/HashMap$Node; @ 84
Event: 5.436 Thread 0x00000000026dd800 Uncommon trap: reason=unreached action=reinterpret pc=0x0000000002e26c58 method=java.util.HashMap.getNode(ILjava/lang/Object;)Ljava/util/HashMap$Node; @ 84
Event: 5.436 Thread 0x00000000026dd800 Uncommon trap: reason=unreached action=reinterpret pc=0x0000000002e79bec method=java.util.HashMap.getNode(ILjava/lang/Object;)Ljava/util/HashMap$Node; @ 84
Event: 5.816 Thread 0x00000000026dd800 Uncommon trap: reason=unreached action=reinterpret pc=0x0000000002fd9c18 method=java.util.HashMap.putVal(ILjava/lang/Object;Ljava/lang/Object;ZZ)Ljava/lang/Object; @ 109
Event: 5.821 Thread 0x00000000026dd800 Uncommon trap: reason=class_check action=maybe_recompile pc=0x0000000003074ea4 method=com.android.dx.cf.code.RopperMachine.run(Lcom/android/dx/cf/code/Frame;II)V @ 1024
Event: 6.298 Thread 0x00000000026dd800 Uncommon trap: reason=unreached action=reinterpret pc=0x0000000002e86050 method=java.util.HashMap.resize()[Ljava/util/HashMap$Node; @ 206
Event: 6.664 Thread 0x00000000026dd800 Uncommon trap: reason=unreached action=reinterpret pc=0x0000000002d1564c method=com.android.dx.ssa.MoveParamCombiner$1.visitNonMoveInsn(Lcom/android/dx/ssa/NormalSsaInsn;)V @ 27
Event: 6.672 Thread 0x00000000026dd800 Uncommon trap: reason=bimorphic action=maybe_recompile pc=0x0000000002e8cd70 method=com.android.dx.ssa.SCCP.simulatePhi(Lcom/android/dx/ssa/PhiInsn;)V @ 124
Event: 6.675 Thread 0x00000000026dd800 Uncommon trap: reason=bimorphic action=maybe_recompile pc=0x0000000002e8cd70 method=com.android.dx.ssa.SCCP.simulatePhi(Lcom/android/dx/ssa/PhiInsn;)V @ 124

Internal exceptions (10 events):
Event: 1.632 Thread 0x00000000026dd800 Exception <a 'java/security/PrivilegedActionException'> (0x00000000ebc92b38) thrown at [D:\re\workspace\8-2-build-windows-amd64-cygwin\jdk8u25\1677\hotspot\src\share\vm\prims\jvm.cpp, line 1312]
Event: 1.677 Thread 0x00000000026dd800 Exception <a 'java/security/PrivilegedActionException'> (0x00000000ebd09878) thrown at [D:\re\workspace\8-2-build-windows-amd64-cygwin\jdk8u25\1677\hotspot\src\share\vm\prims\jvm.cpp, line 1312]
Event: 1.694 Thread 0x00000000026dd800 Exception <a 'java/security/PrivilegedActionException'> (0x00000000ebdc61b8) thrown at [D:\re\workspace\8-2-build-windows-amd64-cygwin\jdk8u25\1677\hotspot\src\share\vm\prims\jvm.cpp, line 1312]
Event: 1.694 Thread 0x00000000026dd800 Exception <a 'java/security/PrivilegedActionException'> (0x00000000ebdc8988) thrown at [D:\re\workspace\8-2-build-windows-amd64-cygwin\jdk8u25\1677\hotspot\src\share\vm\prims\jvm.cpp, line 1312]
Event: 2.578 Thread 0x00000000026dd800 Exception <a 'java/security/PrivilegedActionException'> (0x00000000eb06a430) thrown at [D:\re\workspace\8-2-build-windows-amd64-cygwin\jdk8u25\1677\hotspot\src\share\vm\prims\jvm.cpp, line 1312]
Event: 3.655 Thread 0x00000000026dd800 Exception <a 'java/security/PrivilegedActionException'> (0x00000000eabc6ff0) thrown at [D:\re\workspace\8-2-build-windows-amd64-cygwin\jdk8u25\1677\hotspot\src\share\vm\prims\jvm.cpp, line 1312]
Event: 3.744 Thread 0x00000000026dd800 Exception <a 'java/security/PrivilegedActionException'> (0x00000000ead01cd0) thrown at [D:\re\workspace\8-2-build-windows-amd64-cygwin\jdk8u25\1677\hotspot\src\share\vm\prims\jvm.cpp, line 1312]
Event: 5.431 Thread 0x00000000026dd800 Exception <a 'java/lang/ArrayIndexOutOfBoundsException': 18> (0x00000000edd10e08) thrown at [D:\re\workspace\8-2-build-windows-amd64-cygwin\jdk8u25\1677\hotspot\src\share\vm\interpreter\interpreterRuntime.cpp, line 366]
Event: 5.432 Thread 0x00000000026dd800 Exception <a 'java/lang/ArrayIndexOutOfBoundsException': 145> (0x00000000edd128a0) thrown at [D:\re\workspace\8-2-build-windows-amd64-cygwin\jdk8u25\1677\hotspot\src\share\vm\interpreter\interpreterRuntime.cpp, line 366]
Event: 5.435 Thread 0x00000000026dd800 Exception <a 'java/lang/ArrayIndexOutOfBoundsException'> (0x00000000edd13ab8) thrown at [D:\re\workspace\8-2-build-windows-amd64-cygwin\jdk8u25\1677\hotspot\src\share\vm\runtime\sharedRuntime.cpp, line 604]

Events (10 events):
Event: 6.664 Thread 0x00000000026dd800 DEOPT PACKING pc=0x0000000002d1564c sp=0x00000000025ee960
Event: 6.664 Thread 0x00000000026dd800 DEOPT UNPACKING pc=0x000000000282556a sp=0x00000000025ee8b8 mode 2
Event: 6.672 Thread 0x00000000026dd800 Uncommon trap: trap_request=0xffffffc6 fr.pc=0x0000000002e8cd70
Event: 6.672 Thread 0x00000000026dd800 DEOPT PACKING pc=0x0000000002e8cd70 sp=0x00000000025ee990
Event: 6.672 Thread 0x00000000026dd800 DEOPT UNPACKING pc=0x000000000282556a sp=0x00000000025ee908 mode 2
Event: 6.675 Thread 0x00000000026dd800 Uncommon trap: trap_request=0xffffffc6 fr.pc=0x0000000002e8cd70
Event: 6.675 Thread 0x00000000026dd800 DEOPT PACKING pc=0x0000000002e8cd70 sp=0x00000000025ee990
Event: 6.675 Thread 0x00000000026dd800 DEOPT UNPACKING pc=0x000000000282556a sp=0x00000000025ee908 mode 2
Event: 6.696 Thread 0x00000000026dd800 DEOPT PACKING pc=0x0000000002c14271 sp=0x00000000025eea60
Event: 6.696 Thread 0x00000000026dd800 DEOPT UNPACKING pc=0x00000000028275bf sp=0x00000000025ee7f0 mode 0


Dynamic libraries:
0x00007ff635e30000 - 0x00007ff635e64000 	C:\Program Files\Java\jdk1.8.0_25\bin\java.exe
0x00007ffe50f20000 - 0x00007ffe510cd000 	C:\WINDOWS\SYSTEM32\ntdll.dll
0x00007ffe4fcc0000 - 0x00007ffe4fdfe000 	C:\WINDOWS\system32\KERNEL32.DLL
0x00007ffe4e140000 - 0x00007ffe4e255000 	C:\WINDOWS\system32\KERNELBASE.dll
0x00007ffe4cb30000 - 0x00007ffe4cbbe000 	C:\WINDOWS\system32\apphelp.dll
0x00007ffe28ce0000 - 0x00007ffe28d33000 	C:\WINDOWS\AppPatch\AppPatch64\AcGenral.DLL
0x00007ffe50830000 - 0x00007ffe508da000 	C:\WINDOWS\system32\msvcrt.dll
0x00007ffe4dea0000 - 0x00007ffe4dece000 	C:\WINDOWS\SYSTEM32\SspiCli.dll
0x00007ffe50e50000 - 0x00007ffe50ea4000 	C:\WINDOWS\system32\SHLWAPI.dll
0x00007ffe4fea0000 - 0x00007ffe50017000 	C:\WINDOWS\system32\USER32.dll
0x00007ffe50b30000 - 0x00007ffe50cc4000 	C:\WINDOWS\system32\ole32.dll
0x00007ffe4e660000 - 0x00007ffe4fb8a000 	C:\WINDOWS\system32\SHELL32.dll
0x00007ffe4d670000 - 0x00007ffe4d691000 	C:\WINDOWS\SYSTEM32\USERENV.dll
0x00007ffe4fba0000 - 0x00007ffe4fc4a000 	C:\WINDOWS\system32\ADVAPI32.dll
0x00007ffe3ce20000 - 0x00007ffe3ce3e000 	C:\WINDOWS\SYSTEM32\MPR.dll
0x00007ffe50470000 - 0x00007ffe505b1000 	C:\WINDOWS\system32\RPCRT4.dll
0x00007ffe508e0000 - 0x00007ffe50939000 	C:\WINDOWS\SYSTEM32\sechost.dll
0x00007ffe50020000 - 0x00007ffe50231000 	C:\WINDOWS\SYSTEM32\combase.dll
0x00007ffe50320000 - 0x00007ffe50470000 	C:\WINDOWS\system32\GDI32.dll
0x00007ffe4e070000 - 0x00007ffe4e085000 	C:\WINDOWS\SYSTEM32\profapi.dll
0x00007ffe4cbc0000 - 0x00007ffe4cc72000 	C:\WINDOWS\SYSTEM32\SHCORE.dll
0x00007ffe4fe00000 - 0x00007ffe4fe36000 	C:\WINDOWS\system32\IMM32.DLL
0x00007ffe50cd0000 - 0x00007ffe50e22000 	C:\WINDOWS\system32\MSCTF.dll
0x00007ffe4bfc0000 - 0x00007ffe4c23b000 	C:\WINDOWS\WinSxS\amd64_microsoft.windows.common-controls_6595b64144ccf1df_6.0.9600.18006_none_623f33d3ecbe86e8\COMCTL32.dll
0x000000005cd10000 - 0x000000005cde2000 	C:\Program Files\Java\jdk1.8.0_25\jre\bin\msvcr100.dll
0x000000005d2a0000 - 0x000000005dafa000 	C:\Program Files\Java\jdk1.8.0_25\jre\bin\server\jvm.dll
0x00007ffe467a0000 - 0x00007ffe467a9000 	C:\WINDOWS\SYSTEM32\WSOCK32.dll
0x00007ffe4c240000 - 0x00007ffe4c262000 	C:\WINDOWS\SYSTEM32\WINMM.dll
0x00007ffe50940000 - 0x00007ffe50947000 	C:\WINDOWS\system32\PSAPI.DLL
0x00007ffe50ec0000 - 0x00007ffe50f1a000 	C:\WINDOWS\system32\WS2_32.dll
0x00007ffe4bf80000 - 0x00007ffe4bfaa000 	C:\WINDOWS\SYSTEM32\WINMMBASE.dll
0x00007ffe50310000 - 0x00007ffe50319000 	C:\WINDOWS\system32\NSI.dll
0x00007ffe4e4f0000 - 0x00007ffe4e53f000 	C:\WINDOWS\SYSTEM32\cfgmgr32.dll
0x00007ffe4ce70000 - 0x00007ffe4ce98000 	C:\WINDOWS\SYSTEM32\DEVOBJ.dll
0x000000005ee00000 - 0x000000005ee0f000 	C:\Program Files\Java\jdk1.8.0_25\jre\bin\verify.dll
0x000000005e810000 - 0x000000005e838000 	C:\Program Files\Java\jdk1.8.0_25\jre\bin\java.dll
0x000000005e7f0000 - 0x000000005e806000 	C:\Program Files\Java\jdk1.8.0_25\jre\bin\zip.dll

VM Arguments:
jvm_args: -Djava.awt.headless=true -Xmx1024M -Dfile.encoding=windows-1252 -Duser.country=US -Duser.language=en -Duser.variant 
java_command: com.android.dx.command.Main --dex --force-jumbo --output C:\Users\Andrew\AndroidStudioProjects\Lab2\app\build\intermediates\pre-dexed\debug\com.android.support-appcompat-v7-23.3.0_332e77d45cda7d2fbda67c98e4b16b4ce415a55c.jar C:\Users\Andrew\AndroidStudioProjects\Lab2\app\build\intermediates\exploded-aar\com.android.support\appcompat-v7\23.3.0\jars\classes.jar
java_class_path (initial): D:\Development\adt-bundle-windows-x86_64-20140702\sdk\build-tools\build-tools-21.1.2\lib\dx.jar
Launcher Type: SUN_STANDARD

Environment Variables:
JAVA_HOME=C:\Program Files\Java\jdk1.8.0_25\
PATH=C:\ProgramData\Oracle\Java\javapath;C:\Program Files (x86)\Intel\iCLS Client\;C:\Program Files\Intel\iCLS Client\;C:\WINDOWS\system32;C:\WINDOWS;C:\WINDOWS\System32\Wbem;C:\WINDOWS\System32\WindowsPowerShell\v1.0\;C:\Program Files (x86)\Intel\OpenCL SDK\3.0\bin\x86;C:\Program Files (x86)\Intel\OpenCL SDK\3.0\bin\x64;C:\Program Files\Intel\Intel(R) Management Engine Components\DAL;C:\Program Files\Intel\Intel(R) Management Engine Components\IPT;C:\Program Files (x86)\Intel\Intel(R) Management Engine Components\DAL;C:\Program Files (x86)\Intel\Intel(R) Management Engine Components\IPT;C:\Program Files (x86)\nodejs\;C:\Program Files (x86)\Windows Live\Shared;C:\Program Files\Microsoft\Web Platform Installer\;C:\Program Files (x86)\Tesseract-OCR;C:\Program Files (x86)\Vim\vim74;C:\Program Files (x86)\NVIDIA Corporation\PhysX\Common;C:\Program Files (x86)\Skype\Phone\;D:\Program Files\Git\cmd;C:\Program Files\Java\jdk1.8.0_25\bin;C:\Users\Andrew\AppData\Roaming\npm;C:\Program Files (x86)\SSH Communications Security\SSH Secure Shell;C:\Program Files (x86)\Vim\vim74
USERNAME=Andrew
OS=Windows_NT
PROCESSOR_IDENTIFIER=Intel64 Family 6 Model 60 Stepping 3, GenuineIntel



---------------  S Y S T E M  ---------------

OS: Windows 8.1 , 64 bit Build 9600 

CPU:total 8 (4 cores per cpu, 2 threads per core) family 6 model 60 stepping 3, cmov, cx8, fxsr, mmx, sse, sse2, sse3, ssse3, sse4.1, sse4.2, popcnt, avx, avx2, aes, clmul, erms, lzcnt, ht, tsc, tscinvbit, bmi1, bmi2

Memory: 4k page, physical 8266008k(583624k free), swap 11411736k(8216k free)

vm_info: Java HotSpot(TM) 64-Bit Server VM (25.25-b02) for windows-amd64 JRE (1.8.0_25-b18), built on Oct  7 2014 14:25:37 by "java_re" with MS VC++ 10.0 (VS2010)

time: Sun Apr 10 23:08:26 2016
elapsed time: 6 seconds (0d 0h 0m 6s)

