#
# There is insufficient memory for the Java Runtime Environment to continue.
# Native memory allocation (malloc) failed to allocate 1109456 bytes for Chunk::new
# Possible reasons:
#   The system is out of physical RAM or swap space
#   In 32 bit mode, the process size limit was hit
# Possible solutions:
#   Reduce memory load on the system
#   Increase physical memory or swap space
#   Check if swap backing store is full
#   Use 64 bit Java on a 64 bit OS
#   Decrease Java heap size (-Xmx/-Xms)
#   Decrease number of Java threads
#   Decrease Java thread stack sizes (-Xss)
#   Set larger code cache with -XX:ReservedCodeCacheSize=
# This output file may be truncated or incomplete.
#
#  Out of Memory Error (allocation.cpp:390), pid=14252, tid=16032
#
# JRE version: Java(TM) SE Runtime Environment (8.0_25-b18) (build 1.8.0_25-b18)
# Java VM: Java HotSpot(TM) 64-Bit Server VM (25.25-b02 mixed mode windows-amd64 compressed oops)
# Failed to write core dump. Minidumps are not enabled by default on client versions of Windows
#

---------------  T H R E A D  ---------------

Current thread (0x0000000017523000):  JavaThread "C2 CompilerThread2" daemon [_thread_in_native, id=16032, stack(0x0000000017cf0000,0x0000000017df0000)]

Stack: [0x0000000017cf0000,0x0000000017df0000]
Native frames: (J=compiled Java code, j=interpreted, Vv=VM code, C=native code)
V  [jvm.dll+0x31667a]


Current CompileTask:
C2:   5514 2484 %     4       com.android.dx.dex.code.LocalList::make @ 16 (102 bytes)


---------------  P R O C E S S  ---------------

Java Threads: ( => current thread )
  0x00000000175b0800 JavaThread "Service Thread" daemon [_thread_blocked, id=16364, stack(0x0000000017ef0000,0x0000000017ff0000)]
  0x0000000017525800 JavaThread "C1 CompilerThread3" daemon [_thread_blocked, id=8812, stack(0x0000000017df0000,0x0000000017ef0000)]
=>0x0000000017523000 JavaThread "C2 CompilerThread2" daemon [_thread_in_native, id=16032, stack(0x0000000017cf0000,0x0000000017df0000)]
  0x000000001751c800 JavaThread "C2 CompilerThread1" daemon [_thread_in_native, id=15416, stack(0x0000000017bf0000,0x0000000017cf0000)]
  0x0000000017517800 JavaThread "C2 CompilerThread0" daemon [_thread_in_native, id=8176, stack(0x0000000017af0000,0x0000000017bf0000)]
  0x0000000017516000 JavaThread "Attach Listener" daemon [_thread_blocked, id=15624, stack(0x00000000179f0000,0x0000000017af0000)]
  0x0000000017515000 JavaThread "Signal Dispatcher" daemon [_thread_blocked, id=14992, stack(0x00000000178f0000,0x00000000179f0000)]
  0x000000001550c000 JavaThread "Finalizer" daemon [_thread_blocked, id=13084, stack(0x00000000173f0000,0x00000000174f0000)]
  0x00000000029e2800 JavaThread "Reference Handler" daemon [_thread_blocked, id=5516, stack(0x00000000172f0000,0x00000000173f0000)]
  0x00000000028ed800 JavaThread "main" [_thread_in_Java, id=15792, stack(0x0000000002740000,0x0000000002840000)]

Other Threads:
  0x0000000015507800 VMThread [stack: 0x00000000171f0000,0x00000000172f0000] [id=13344]
  0x00000000175b1000 WatcherThread [stack: 0x0000000017ff0000,0x00000000180f0000] [id=14348]

VM state:not at safepoint (normal execution)

VM Mutex/Monitor currently owned by a thread: None

Heap:
 PSYoungGen      total 149504K, used 125061K [0x00000000eab00000, 0x00000000fe400000, 0x0000000100000000)
  eden space 130560K, 81% used [0x00000000eab00000,0x00000000f12a7b38,0x00000000f2a80000)
  from space 18944K, 99% used [0x00000000f2a80000,0x00000000f3cf99d0,0x00000000f3d00000)
  to   space 29696K, 0% used [0x00000000fc700000,0x00000000fc700000,0x00000000fe400000)
 ParOldGen       total 87552K, used 44226K [0x00000000c0000000, 0x00000000c5580000, 0x00000000eab00000)
  object space 87552K, 50% used [0x00000000c0000000,0x00000000c2b30bc8,0x00000000c5580000)
 Metaspace       used 6412K, capacity 7472K, committed 7552K, reserved 1056768K
  class space    used 595K, capacity 616K, committed 640K, reserved 1048576K

Card table byte_map: [0x0000000011db0000,0x0000000011fc0000] byte_map_base: 0x00000000117b0000

Marking Bits: (ParMarkBitMap*) 0x000000005da7d490
 Begin Bits: [0x0000000012920000, 0x0000000013920000)
 End Bits:   [0x0000000013920000, 0x0000000014920000)

Polling page: 0x0000000000e80000

CodeCache: size=245760Kb used=10790Kb max_used=10793Kb free=234969Kb
 bounds [0x00000000029f0000, 0x0000000003490000, 0x00000000119f0000]
 total_blobs=2679 nmethods=2418 adapters=174
 compilation: enabled

Compilation events (10 events):
Event: 5.450 Thread 0x0000000017525800 2529       2       com.android.dx.dex.code.InsnFormat::isRegListSequential (67 bytes)
Event: 5.451 Thread 0x0000000017525800 nmethod 2529 0x0000000003471cd0 code [0x0000000003471e80, 0x0000000003472198]
Event: 5.452 Thread 0x0000000017525800 2530       2       com.android.dx.dex.code.form.Form3rc::codeSize (2 bytes)
Event: 5.452 Thread 0x0000000017525800 nmethod 2530 0x000000000347d490 code [0x000000000347d5e0, 0x000000000347d730]
Event: 5.465 Thread 0x0000000017525800 2531       2       com.android.dx.dex.code.form.Form35c::compatibleRegs (69 bytes)
Event: 5.466 Thread 0x0000000017525800 nmethod 2531 0x0000000003481f10 code [0x00000000034820c0, 0x0000000003482438]
Event: 5.467 Thread 0x0000000017525800 2532       2       com.android.dx.dex.code.SimpleInsn::withOpcode (17 bytes)
Event: 5.468 Thread 0x0000000017525800 nmethod 2532 0x0000000003471810 code [0x0000000003471980, 0x0000000003471b68]
Event: 5.503 Thread 0x0000000017525800 2533       1       com.android.dx.dex.code.form.Form22x::codeSize (2 bytes)
Event: 5.503 Thread 0x0000000017525800 nmethod 2533 0x0000000003461810 code [0x0000000003461960, 0x0000000003461a70]

GC Heap History (10 events):
Event: 1.449 GC heap before
{Heap before GC invocations=3 (full 0):
 PSYoungGen      total 38400K, used 38386K [0x00000000eab00000, 0x00000000ef600000, 0x0000000100000000)
  eden space 33280K, 100% used [0x00000000eab00000,0x00000000ecb80000,0x00000000ecb80000)
  from space 5120K, 99% used [0x00000000ed080000,0x00000000ed57cad0,0x00000000ed580000)
  to   space 5120K, 0% used [0x00000000ecb80000,0x00000000ecb80000,0x00000000ed080000)
 ParOldGen       total 87552K, used 6188K [0x00000000c0000000, 0x00000000c5580000, 0x00000000eab00000)
  object space 87552K, 7% used [0x00000000c0000000,0x00000000c060b3e8,0x00000000c5580000)
 Metaspace       used 5866K, capacity 7088K, committed 7296K, reserved 1056768K
  class space    used 556K, capacity 616K, committed 640K, reserved 1048576K
Event: 1.460 GC heap after
Heap after GC invocations=3 (full 0):
 PSYoungGen      total 38400K, used 5118K [0x00000000eab00000, 0x00000000ef600000, 0x0000000100000000)
  eden space 33280K, 0% used [0x00000000eab00000,0x00000000eab00000,0x00000000ecb80000)
  from space 5120K, 99% used [0x00000000ecb80000,0x00000000ed07f8d0,0x00000000ed080000)
  to   space 5120K, 0% used [0x00000000ef100000,0x00000000ef100000,0x00000000ef600000)
 ParOldGen       total 87552K, used 10461K [0x00000000c0000000, 0x00000000c5580000, 0x00000000eab00000)
  object space 87552K, 11% used [0x00000000c0000000,0x00000000c0a37688,0x00000000c5580000)
 Metaspace       used 5866K, capacity 7088K, committed 7296K, reserved 1056768K
  class space    used 556K, capacity 616K, committed 640K, reserved 1048576K
}
Event: 1.884 GC heap before
{Heap before GC invocations=4 (full 0):
 PSYoungGen      total 38400K, used 38398K [0x00000000eab00000, 0x00000000ef600000, 0x0000000100000000)
  eden space 33280K, 100% used [0x00000000eab00000,0x00000000ecb80000,0x00000000ecb80000)
  from space 5120K, 99% used [0x00000000ecb80000,0x00000000ed07f8d0,0x00000000ed080000)
  to   space 5120K, 0% used [0x00000000ef100000,0x00000000ef100000,0x00000000ef600000)
 ParOldGen       total 87552K, used 10461K [0x00000000c0000000, 0x00000000c5580000, 0x00000000eab00000)
  object space 87552K, 11% used [0x00000000c0000000,0x00000000c0a37688,0x00000000c5580000)
 Metaspace       used 5882K, capacity 7088K, committed 7296K, reserved 1056768K
  class space    used 556K, capacity 616K, committed 640K, reserved 1048576K
Event: 1.922 GC heap after
Heap after GC invocations=4 (full 0):
 PSYoungGen      total 71680K, used 5114K [0x00000000eab00000, 0x00000000ef600000, 0x0000000100000000)
  eden space 66560K, 0% used [0x00000000eab00000,0x00000000eab00000,0x00000000eec00000)
  from space 5120K, 99% used [0x00000000ef100000,0x00000000ef5feb90,0x00000000ef600000)
  to   space 5120K, 0% used [0x00000000eec00000,0x00000000eec00000,0x00000000ef100000)
 ParOldGen       total 87552K, used 16577K [0x00000000c0000000, 0x00000000c5580000, 0x00000000eab00000)
  object space 87552K, 18% used [0x00000000c0000000,0x00000000c1030720,0x00000000c5580000)
 Metaspace       used 5882K, capacity 7088K, committed 7296K, reserved 1056768K
  class space    used 556K, capacity 616K, committed 640K, reserved 1048576K
}
Event: 3.144 GC heap before
{Heap before GC invocations=5 (full 0):
 PSYoungGen      total 71680K, used 71674K [0x00000000eab00000, 0x00000000ef600000, 0x0000000100000000)
  eden space 66560K, 100% used [0x00000000eab00000,0x00000000eec00000,0x00000000eec00000)
  from space 5120K, 99% used [0x00000000ef100000,0x00000000ef5feb90,0x00000000ef600000)
  to   space 5120K, 0% used [0x00000000eec00000,0x00000000eec00000,0x00000000ef100000)
 ParOldGen       total 87552K, used 16577K [0x00000000c0000000, 0x00000000c5580000, 0x00000000eab00000)
  object space 87552K, 18% used [0x00000000c0000000,0x00000000c1030720,0x00000000c5580000)
 Metaspace       used 5927K, capacity 7152K, committed 7296K, reserved 1056768K
  class space    used 557K, capacity 616K, committed 640K, reserved 1048576K
Event: 3.192 GC heap after
Heap after GC invocations=5 (full 0):
 PSYoungGen      total 71680K, used 5102K [0x00000000eab00000, 0x00000000f4d00000, 0x0000000100000000)
  eden space 66560K, 0% used [0x00000000eab00000,0x00000000eab00000,0x00000000eec00000)
  from space 5120K, 99% used [0x00000000eec00000,0x00000000ef0fb898,0x00000000ef100000)
  to   space 16384K, 0% used [0x00000000f3d00000,0x00000000f3d00000,0x00000000f4d00000)
 ParOldGen       total 87552K, used 27458K [0x00000000c0000000, 0x00000000c5580000, 0x00000000eab00000)
  object space 87552K, 31% used [0x00000000c0000000,0x00000000c1ad0868,0x00000000c5580000)
 Metaspace       used 5927K, capacity 7152K, committed 7296K, reserved 1056768K
  class space    used 557K, capacity 616K, committed 640K, reserved 1048576K
}
Event: 3.698 GC heap before
{Heap before GC invocations=6 (full 0):
 PSYoungGen      total 71680K, used 71662K [0x00000000eab00000, 0x00000000f4d00000, 0x0000000100000000)
  eden space 66560K, 100% used [0x00000000eab00000,0x00000000eec00000,0x00000000eec00000)
  from space 5120K, 99% used [0x00000000eec00000,0x00000000ef0fb898,0x00000000ef100000)
  to   space 16384K, 0% used [0x00000000f3d00000,0x00000000f3d00000,0x00000000f4d00000)
 ParOldGen       total 87552K, used 27458K [0x00000000c0000000, 0x00000000c5580000, 0x00000000eab00000)
  object space 87552K, 31% used [0x00000000c0000000,0x00000000c1ad0868,0x00000000c5580000)
 Metaspace       used 6038K, capacity 7152K, committed 7296K, reserved 1056768K
  class space    used 576K, capacity 616K, committed 640K, reserved 1048576K
Event: 3.730 GC heap after
Heap after GC invocations=6 (full 0):
 PSYoungGen      total 146944K, used 16165K [0x00000000eab00000, 0x00000000f5200000, 0x0000000100000000)
  eden space 130560K, 0% used [0x00000000eab00000,0x00000000eab00000,0x00000000f2a80000)
  from space 16384K, 98% used [0x00000000f3d00000,0x00000000f4cc9690,0x00000000f4d00000)
  to   space 18944K, 0% used [0x00000000f2a80000,0x00000000f2a80000,0x00000000f3d00000)
 ParOldGen       total 87552K, used 27466K [0x00000000c0000000, 0x00000000c5580000, 0x00000000eab00000)
  object space 87552K, 31% used [0x00000000c0000000,0x00000000c1ad2868,0x00000000c5580000)
 Metaspace       used 6038K, capacity 7152K, committed 7296K, reserved 1056768K
  class space    used 576K, capacity 616K, committed 640K, reserved 1048576K
}
Event: 4.503 GC heap before
{Heap before GC invocations=7 (full 0):
 PSYoungGen      total 146944K, used 146725K [0x00000000eab00000, 0x00000000f5200000, 0x0000000100000000)
  eden space 130560K, 100% used [0x00000000eab00000,0x00000000f2a80000,0x00000000f2a80000)
  from space 16384K, 98% used [0x00000000f3d00000,0x00000000f4cc9690,0x00000000f4d00000)
  to   space 18944K, 0% used [0x00000000f2a80000,0x00000000f2a80000,0x00000000f3d00000)
 ParOldGen       total 87552K, used 27466K [0x00000000c0000000, 0x00000000c5580000, 0x00000000eab00000)
  object space 87552K, 31% used [0x00000000c0000000,0x00000000c1ad2868,0x00000000c5580000)
 Metaspace       used 6064K, capacity 7216K, committed 7296K, reserved 1056768K
  class space    used 576K, capacity 616K, committed 640K, reserved 1048576K
Event: 4.540 GC heap after
Heap after GC invocations=7 (full 0):
 PSYoungGen      total 149504K, used 18918K [0x00000000eab00000, 0x00000000fe400000, 0x0000000100000000)
  eden space 130560K, 0% used [0x00000000eab00000,0x00000000eab00000,0x00000000f2a80000)
  from space 18944K, 99% used [0x00000000f2a80000,0x00000000f3cf99d0,0x00000000f3d00000)
  to   space 29696K, 0% used [0x00000000fc700000,0x00000000fc700000,0x00000000fe400000)
 ParOldGen       total 87552K, used 44226K [0x00000000c0000000, 0x00000000c5580000, 0x00000000eab00000)
  object space 87552K, 50% used [0x00000000c0000000,0x00000000c2b30bc8,0x00000000c5580000)
 Metaspace       used 6064K, capacity 7216K, committed 7296K, reserved 1056768K
  class space    used 576K, capacity 616K, committed 640K, reserved 1048576K
}

Deoptimization events (10 events):
Event: 4.381 Thread 0x00000000028ed800 Uncommon trap: reason=bimorphic action=maybe_recompile pc=0x0000000003276540 method=com.android.dx.ssa.LiteralOpUpgrader.tryReplacingWithConstant(Lcom/android/dx/ssa/NormalSsaInsn;)Z @ 62
Event: 4.392 Thread 0x00000000028ed800 Uncommon trap: reason=unreached action=reinterpret pc=0x0000000002f112cc method=com.android.dx.ssa.MoveParamCombiner$1.visitNonMoveInsn(Lcom/android/dx/ssa/NormalSsaInsn;)V @ 27
Event: 4.603 Thread 0x00000000028ed800 Uncommon trap: reason=unreached action=reinterpret pc=0x0000000002f7c898 method=com.android.dx.rop.code.LocalItem.compareHandlesNulls(Lcom/android/dx/rop/cst/CstString;Lcom/android/dx/rop/cst/CstString;)I @ 14
Event: 4.736 Thread 0x00000000028ed800 Uncommon trap: reason=class_check action=maybe_recompile pc=0x0000000003204f7c method=com.android.dx.ssa.SCCP.replaceConstants()V @ 127
Event: 4.896 Thread 0x00000000028ed800 Uncommon trap: reason=class_check action=maybe_recompile pc=0x0000000002e718e0 method=java.util.Arrays.hashCode([Ljava/lang/Object;)I @ 43
Event: 4.896 Thread 0x00000000028ed800 Uncommon trap: reason=class_check action=maybe_recompile pc=0x0000000002e718e0 method=java.util.Arrays.hashCode([Ljava/lang/Object;)I @ 43
Event: 4.896 Thread 0x00000000028ed800 Uncommon trap: reason=class_check action=maybe_recompile pc=0x0000000002e718e0 method=java.util.Arrays.hashCode([Ljava/lang/Object;)I @ 43
Event: 4.896 Thread 0x00000000028ed800 Uncommon trap: reason=class_check action=maybe_recompile pc=0x0000000002e718e0 method=java.util.Arrays.hashCode([Ljava/lang/Object;)I @ 43
Event: 4.896 Thread 0x00000000028ed800 Uncommon trap: reason=class_check action=maybe_recompile pc=0x0000000002e72d40 method=java.util.Arrays.hashCode([Ljava/lang/Object;)I @ 43
Event: 5.005 Thread 0x00000000028ed800 Uncommon trap: reason=class_check action=maybe_recompile pc=0x0000000002e9581c method=java.util.HashMap.putVal(ILjava/lang/Object;Ljava/lang/Object;ZZ)Ljava/lang/Object; @ 203

Internal exceptions (10 events):
Event: 5.145 Thread 0x00000000028ed800 Exception <a 'java/security/PrivilegedActionException'> (0x00000000f070bc00) thrown at [D:\re\workspace\8-2-build-windows-amd64-cygwin\jdk8u25\1677\hotspot\src\share\vm\prims\jvm.cpp, line 1312]
Event: 5.145 Thread 0x00000000028ed800 Exception <a 'java/security/PrivilegedActionException'> (0x00000000f07110c8) thrown at [D:\re\workspace\8-2-build-windows-amd64-cygwin\jdk8u25\1677\hotspot\src\share\vm\prims\jvm.cpp, line 1312]
Event: 5.146 Thread 0x00000000028ed800 Exception <a 'java/security/PrivilegedActionException'> (0x00000000f0717928) thrown at [D:\re\workspace\8-2-build-windows-amd64-cygwin\jdk8u25\1677\hotspot\src\share\vm\prims\jvm.cpp, line 1312]
Event: 5.147 Thread 0x00000000028ed800 Exception <a 'java/security/PrivilegedActionException'> (0x00000000f071ab38) thrown at [D:\re\workspace\8-2-build-windows-amd64-cygwin\jdk8u25\1677\hotspot\src\share\vm\prims\jvm.cpp, line 1312]
Event: 5.147 Thread 0x00000000028ed800 Exception <a 'java/security/PrivilegedActionException'> (0x00000000f071fc60) thrown at [D:\re\workspace\8-2-build-windows-amd64-cygwin\jdk8u25\1677\hotspot\src\share\vm\prims\jvm.cpp, line 1312]
Event: 5.148 Thread 0x00000000028ed800 Exception <a 'java/security/PrivilegedActionException'> (0x00000000f0724640) thrown at [D:\re\workspace\8-2-build-windows-amd64-cygwin\jdk8u25\1677\hotspot\src\share\vm\prims\jvm.cpp, line 1312]
Event: 5.159 Thread 0x00000000028ed800 Exception <a 'java/security/PrivilegedActionException'> (0x00000000f0744a18) thrown at [D:\re\workspace\8-2-build-windows-amd64-cygwin\jdk8u25\1677\hotspot\src\share\vm\prims\jvm.cpp, line 1312]
Event: 5.159 Thread 0x00000000028ed800 Exception <a 'java/security/PrivilegedActionException'> (0x00000000f0747d88) thrown at [D:\re\workspace\8-2-build-windows-amd64-cygwin\jdk8u25\1677\hotspot\src\share\vm\prims\jvm.cpp, line 1312]
Event: 5.160 Thread 0x00000000028ed800 Exception <a 'java/security/PrivilegedActionException'> (0x00000000f074b590) thrown at [D:\re\workspace\8-2-build-windows-amd64-cygwin\jdk8u25\1677\hotspot\src\share\vm\prims\jvm.cpp, line 1312]
Event: 5.172 Thread 0x00000000028ed800 Exception <a 'java/security/PrivilegedActionException'> (0x00000000f0774230) thrown at [D:\re\workspace\8-2-build-windows-amd64-cygwin\jdk8u25\1677\hotspot\src\share\vm\prims\jvm.cpp, line 1312]

Events (10 events):
Event: 5.447 Thread 0x00000000028ed800 DEOPT PACKING pc=0x00000000033e7e5b sp=0x000000000283ef30
Event: 5.447 Thread 0x00000000028ed800 DEOPT UNPACKING pc=0x0000000002a375bf sp=0x000000000283ecb0 mode 0
Event: 5.455 Thread 0x00000000028ed800 DEOPT PACKING pc=0x00000000033e7e5b sp=0x000000000283ef30
Event: 5.455 Thread 0x00000000028ed800 DEOPT UNPACKING pc=0x0000000002a375bf sp=0x000000000283ecb0 mode 0
Event: 5.460 Thread 0x00000000028ed800 DEOPT PACKING pc=0x00000000033e7e5b sp=0x000000000283ef30
Event: 5.460 Thread 0x00000000028ed800 DEOPT UNPACKING pc=0x0000000002a375bf sp=0x000000000283ecb0 mode 0
Event: 5.480 Thread 0x00000000028ed800 DEOPT PACKING pc=0x00000000033e7e5b sp=0x000000000283ef30
Event: 5.480 Thread 0x00000000028ed800 DEOPT UNPACKING pc=0x0000000002a375bf sp=0x000000000283ecb0 mode 0
Event: 5.495 Thread 0x00000000028ed800 DEOPT PACKING pc=0x00000000033e7e5b sp=0x000000000283edb0
Event: 5.495 Thread 0x00000000028ed800 DEOPT UNPACKING pc=0x0000000002a375bf sp=0x000000000283eb30 mode 0


Dynamic libraries:
0x00007ff635e30000 - 0x00007ff635e64000 	C:\Program Files\Java\jdk1.8.0_25\bin\java.exe
0x00007ffe50f20000 - 0x00007ffe510cd000 	C:\WINDOWS\SYSTEM32\ntdll.dll
0x00007ffe4fcc0000 - 0x00007ffe4fdfe000 	C:\WINDOWS\system32\KERNEL32.DLL
0x00007ffe4e140000 - 0x00007ffe4e255000 	C:\WINDOWS\system32\KERNELBASE.dll
0x00007ffe4cb30000 - 0x00007ffe4cbbe000 	C:\WINDOWS\system32\apphelp.dll
0x00007ffe28ce0000 - 0x00007ffe28d33000 	C:\WINDOWS\AppPatch\AppPatch64\AcGenral.DLL
0x00007ffe50830000 - 0x00007ffe508da000 	C:\WINDOWS\system32\msvcrt.dll
0x00007ffe4dea0000 - 0x00007ffe4dece000 	C:\WINDOWS\SYSTEM32\SspiCli.dll
0x00007ffe50e50000 - 0x00007ffe50ea4000 	C:\WINDOWS\system32\SHLWAPI.dll
0x00007ffe4fea0000 - 0x00007ffe50017000 	C:\WINDOWS\system32\USER32.dll
0x00007ffe50b30000 - 0x00007ffe50cc4000 	C:\WINDOWS\system32\ole32.dll
0x00007ffe4e660000 - 0x00007ffe4fb8a000 	C:\WINDOWS\system32\SHELL32.dll
0x00007ffe4d670000 - 0x00007ffe4d691000 	C:\WINDOWS\SYSTEM32\USERENV.dll
0x00007ffe4fba0000 - 0x00007ffe4fc4a000 	C:\WINDOWS\system32\ADVAPI32.dll
0x00007ffe3ce20000 - 0x00007ffe3ce3e000 	C:\WINDOWS\SYSTEM32\MPR.dll
0x00007ffe50470000 - 0x00007ffe505b1000 	C:\WINDOWS\system32\RPCRT4.dll
0x00007ffe508e0000 - 0x00007ffe50939000 	C:\WINDOWS\SYSTEM32\sechost.dll
0x00007ffe50020000 - 0x00007ffe50231000 	C:\WINDOWS\SYSTEM32\combase.dll
0x00007ffe50320000 - 0x00007ffe50470000 	C:\WINDOWS\system32\GDI32.dll
0x00007ffe4e070000 - 0x00007ffe4e085000 	C:\WINDOWS\SYSTEM32\profapi.dll
0x00007ffe4cbc0000 - 0x00007ffe4cc72000 	C:\WINDOWS\SYSTEM32\SHCORE.dll
0x00007ffe4fe00000 - 0x00007ffe4fe36000 	C:\WINDOWS\system32\IMM32.DLL
0x00007ffe50cd0000 - 0x00007ffe50e22000 	C:\WINDOWS\system32\MSCTF.dll
0x00007ffe4bfc0000 - 0x00007ffe4c23b000 	C:\WINDOWS\WinSxS\amd64_microsoft.windows.common-controls_6595b64144ccf1df_6.0.9600.18006_none_623f33d3ecbe86e8\COMCTL32.dll
0x000000005cd10000 - 0x000000005cde2000 	C:\Program Files\Java\jdk1.8.0_25\jre\bin\msvcr100.dll
0x000000005d2a0000 - 0x000000005dafa000 	C:\Program Files\Java\jdk1.8.0_25\jre\bin\server\jvm.dll
0x00007ffe467a0000 - 0x00007ffe467a9000 	C:\WINDOWS\SYSTEM32\WSOCK32.dll
0x00007ffe4c240000 - 0x00007ffe4c262000 	C:\WINDOWS\SYSTEM32\WINMM.dll
0x00007ffe50940000 - 0x00007ffe50947000 	C:\WINDOWS\system32\PSAPI.DLL
0x00007ffe50ec0000 - 0x00007ffe50f1a000 	C:\WINDOWS\system32\WS2_32.dll
0x00007ffe4bf80000 - 0x00007ffe4bfaa000 	C:\WINDOWS\SYSTEM32\WINMMBASE.dll
0x00007ffe50310000 - 0x00007ffe50319000 	C:\WINDOWS\system32\NSI.dll
0x00007ffe4e4f0000 - 0x00007ffe4e53f000 	C:\WINDOWS\SYSTEM32\cfgmgr32.dll
0x00007ffe4ce70000 - 0x00007ffe4ce98000 	C:\WINDOWS\SYSTEM32\DEVOBJ.dll
0x000000005ee00000 - 0x000000005ee0f000 	C:\Program Files\Java\jdk1.8.0_25\jre\bin\verify.dll
0x000000005e810000 - 0x000000005e838000 	C:\Program Files\Java\jdk1.8.0_25\jre\bin\java.dll
0x000000005e7f0000 - 0x000000005e806000 	C:\Program Files\Java\jdk1.8.0_25\jre\bin\zip.dll

VM Arguments:
jvm_args: -Djava.awt.headless=true -Xmx1024M -Dfile.encoding=windows-1252 -Duser.country=US -Duser.language=en -Duser.variant 
java_command: com.android.dx.command.Main --dex --force-jumbo --output C:\Users\Andrew\AndroidStudioProjects\Lab2\app\build\intermediates\pre-dexed\debug\com.android.support-support-v4-23.3.0_640de0d2c79b41fee974ab0cdd98cfecc4e87e41.jar C:\Users\Andrew\AndroidStudioProjects\Lab2\app\build\intermediates\exploded-aar\com.android.support\support-v4\23.3.0\jars\classes.jar
java_class_path (initial): D:\Development\adt-bundle-windows-x86_64-20140702\sdk\build-tools\build-tools-21.1.2\lib\dx.jar
Launcher Type: SUN_STANDARD

Environment Variables:
JAVA_HOME=C:\Program Files\Java\jdk1.8.0_25\
PATH=C:\ProgramData\Oracle\Java\javapath;C:\Program Files (x86)\Intel\iCLS Client\;C:\Program Files\Intel\iCLS Client\;C:\WINDOWS\system32;C:\WINDOWS;C:\WINDOWS\System32\Wbem;C:\WINDOWS\System32\WindowsPowerShell\v1.0\;C:\Program Files (x86)\Intel\OpenCL SDK\3.0\bin\x86;C:\Program Files (x86)\Intel\OpenCL SDK\3.0\bin\x64;C:\Program Files\Intel\Intel(R) Management Engine Components\DAL;C:\Program Files\Intel\Intel(R) Management Engine Components\IPT;C:\Program Files (x86)\Intel\Intel(R) Management Engine Components\DAL;C:\Program Files (x86)\Intel\Intel(R) Management Engine Components\IPT;C:\Program Files (x86)\nodejs\;C:\Program Files (x86)\Windows Live\Shared;C:\Program Files\Microsoft\Web Platform Installer\;C:\Program Files (x86)\Tesseract-OCR;C:\Program Files (x86)\Vim\vim74;C:\Program Files (x86)\NVIDIA Corporation\PhysX\Common;C:\Program Files (x86)\Skype\Phone\;D:\Program Files\Git\cmd;C:\Program Files\Java\jdk1.8.0_25\bin;C:\Users\Andrew\AppData\Roaming\npm;C:\Program Files (x86)\SSH Communications Security\SSH Secure Shell;C:\Program Files (x86)\Vim\vim74
USERNAME=Andrew
OS=Windows_NT
PROCESSOR_IDENTIFIER=Intel64 Family 6 Model 60 Stepping 3, GenuineIntel



---------------  S Y S T E M  ---------------

OS: Windows 8.1 , 64 bit Build 9600 

CPU:total 8 (4 cores per cpu, 2 threads per core) family 6 model 60 stepping 3, cmov, cx8, fxsr, mmx, sse, sse2, sse3, ssse3, sse4.1, sse4.2, popcnt, avx, avx2, aes, clmul, erms, lzcnt, ht, tsc, tscinvbit, bmi1, bmi2

Memory: 4k page, physical 8266008k(548344k free), swap 11411736k(4880k free)

vm_info: Java HotSpot(TM) 64-Bit Server VM (25.25-b02) for windows-amd64 JRE (1.8.0_25-b18), built on Oct  7 2014 14:25:37 by "java_re" with MS VC++ 10.0 (VS2010)

time: Sun Apr 10 23:08:32 2016
elapsed time: 5 seconds (0d 0h 0m 5s)

